<?xml version="1.0" encoding="UTF-8"?>
<testng-results ignored="0" total="1" passed="1" failed="0" skipped="0">
  <reporter-output>
  </reporter-output>
  <suite started-at="2020-04-20T01:16:36 PDT" name="Default suite" finished-at="2020-04-20T01:16:55 PDT" duration-ms="19508">
    <groups>
    </groups>
    <test started-at="2020-04-20T01:16:36 PDT" name="Default test" finished-at="2020-04-20T01:16:55 PDT" duration-ms="19508">
      <class name="testCases.LoginApplication">
        <test-method signature="login()[pri:0, instance:testCases.LoginApplication@527e5409]" started-at="2020-04-20T01:16:36 PDT" name="login" finished-at="2020-04-20T01:16:55 PDT" duration-ms="19458" status="PASS">
          <reporter-output>
          </reporter-output>
        </test-method> <!-- login -->
      </class> <!-- testCases.LoginApplication -->
    </test> <!-- Default test -->
  </suite> <!-- Default suite -->
</testng-results>
